# JRE version: OpenJDK Runtime Environment Temurin-17.0.7+7 (17.0.7+7) (build 17.0.7+7)
# Java VM: OpenJDK 64-Bit Server VM Temurin-17.0.7+7 (17.0.7+7, mixed mode, sharing, tiered, compressed oops, compressed class ptrs, g1 gc, windows-amd64)
GC Precious Log:
 CPUs: 2 total, 2 available
 Memory: 3924M
 Large Page Support: Disabled
 NUMA Support: Disabled
 Compressed Oops: Enabled (32-bit)
 Heap Region Size: 1M
 Heap Min Capacity: 8M
 Heap Initial Capacity: 62M
 Heap Max Capacity: 982M
 Pre-touch: Disabled
 Parallel Workers: 2
 Concurrent Workers: 1
 Concurrent Refinement Workers: 2
 Periodic GC: Disabled
Heap:
 garbage-first heap   total 76800K, used 42415K [0x00000000c2a00000, 0x0000000100000000)
  region size 1024K, 1 young (1024K), 1 survivors (1024K)
 Metaspace       used 63853K, committed 64320K, reserved 1114112K
  class space    used 8596K, committed 8832K, reserved 1048576K
GC Heap History (20 events):
Event: 29.257 GC heap after
{Heap after GC invocations=26 (full 0):
 garbage-first heap   total 48128K, used 28230K [0x00000000c2a00000, 0x0000000100000000)
  region size 1024K, 2 young (2048K), 2 survivors (2048K)
 Metaspace       used 62328K, committed 62784K, reserved 1114112K
  class space    used 8461K, committed 8704K, reserved 1048576K
}
Event: 30.238 GC heap before
{Heap before GC invocations=26 (full 0):
 garbage-first heap   total 48128K, used 35398K [0x00000000c2a00000, 0x0000000100000000)
  region size 1024K, 10 young (10240K), 2 survivors (2048K)
 Metaspace       used 63500K, committed 64000K, reserved 1114112K
  class space    used 8582K, committed 8832K, reserved 1048576K
}
Event: 30.249 GC heap after
{Heap after GC invocations=27 (full 0):
 garbage-first heap   total 48128K, used 29049K [0x00000000c2a00000, 0x0000000100000000)
  region size 1024K, 2 young (2048K), 2 survivors (2048K)
 Metaspace       used 63500K, committed 64000K, reserved 1114112K
  class space    used 8582K, committed 8832K, reserved 1048576K
}
Event: 30.672 GC heap before
{Heap before GC invocations=28 (full 0):
 garbage-first heap   total 50176K, used 40313K [0x00000000c2a00000, 0x0000000100000000)
  region size 1024K, 12 young (12288K), 2 survivors (2048K)
 Metaspace       used 63548K, committed 64064K, reserved 1114112K
  class space    used 8582K, committed 8832K, reserved 1048576K
}
Event: 30.684 GC heap after
{Heap after GC invocations=29 (full 0):
 garbage-first heap   total 50176K, used 31589K [0x00000000c2a00000, 0x0000000100000000)
  region size 1024K, 2 young (2048K), 2 survivors (2048K)
 Metaspace       used 63548K, committed 64064K, reserved 1114112K
  class space    used 8582K, committed 8832K, reserved 1048576K
}
Event: 31.297 GC heap before
{Heap before GC invocations=29 (full 0):
 garbage-first heap   total 50176K, used 39781K [0x00000000c2a00000, 0x0000000100000000)
  region size 1024K, 10 young (10240K), 2 survivors (2048K)
 Metaspace       used 63574K, committed 64064K, reserved 1114112K
  class space    used 8582K, committed 8832K, reserved 1048576K
}
Event: 31.307 GC heap after
{Heap after GC invocations=30 (full 0):
 garbage-first heap   total 60416K, used 33748K [0x00000000c2a00000, 0x0000000100000000)
  region size 1024K, 2 young (2048K), 2 survivors (2048K)
 Metaspace       used 63574K, committed 64064K, reserved 1114112K
  class space    used 8582K, committed 8832K, reserved 1048576K
}
Event: 31.895 GC heap before
{Heap before GC invocations=31 (full 0):
 garbage-first heap   total 60416K, used 46036K [0x00000000c2a00000, 0x0000000100000000)
  region size 1024K, 15 young (15360K), 2 survivors (2048K)
 Metaspace       used 63631K, committed 64128K, reserved 1114112K
  class space    used 8584K, committed 8832K, reserved 1048576K
}
Event: 31.907 GC heap after
{Heap after GC invocations=32 (full 0):
 garbage-first heap   total 60416K, used 37432K [0x00000000c2a00000, 0x0000000100000000)
  region size 1024K, 2 young (2048K), 2 survivors (2048K)
 Metaspace       used 63631K, committed 64128K, reserved 1114112K
  class space    used 8584K, committed 8832K, reserved 1048576K
}
Event: 32.101 GC heap before
{Heap before GC invocations=32 (full 0):
 garbage-first heap   total 60416K, used 42552K [0x00000000c2a00000, 0x0000000100000000)
  region size 1024K, 8 young (8192K), 2 survivors (2048K)
 Metaspace       used 63750K, committed 64192K, reserved 1114112K
  class space    used 8595K, committed 8832K, reserved 1048576K
}
Event: 32.111 GC heap after
{Heap after GC invocations=33 (full 0):
 garbage-first heap   total 60416K, used 39593K [0x00000000c2a00000, 0x0000000100000000)
  region size 1024K, 2 young (2048K), 2 survivors (2048K)
 Metaspace       used 63750K, committed 64192K, reserved 1114112K
  class space    used 8595K, committed 8832K, reserved 1048576K
}
Event: 32.291 GC heap before
{Heap before GC invocations=34 (full 0):
 garbage-first heap   total 76800K, used 46761K [0x00000000c2a00000, 0x0000000100000000)
  region size 1024K, 9 young (9216K), 2 survivors (2048K)
 Metaspace       used 63775K, committed 64256K, reserved 1114112K
  class space    used 8595K, committed 8832K, reserved 1048576K
}
Event: 32.301 GC heap after
{Heap after GC invocations=35 (full 0):
 garbage-first heap   total 76800K, used 42301K [0x00000000c2a00000, 0x0000000100000000)
  region size 1024K, 2 young (2048K), 2 survivors (2048K)
 Metaspace       used 63775K, committed 64256K, reserved 1114112K
  class space    used 8595K, committed 8832K, reserved 1048576K
}
Event: 32.308 GC heap before
{Heap before GC invocations=35 (full 0):
 garbage-first heap   total 76800K, used 43325K [0x00000000c2a00000, 0x0000000100000000)
  region size 1024K, 3 young (3072K), 2 survivors (2048K)
 Metaspace       used 63775K, committed 64256K, reserved 1114112K
  class space    used 8595K, committed 8832K, reserved 1048576K
}
Event: 32.317 GC heap after
{Heap after GC invocations=36 (full 0):
 garbage-first heap   total 76800K, used 39761K [0x00000000c2a00000, 0x0000000100000000)
  region size 1024K, 1 young (1024K), 1 survivors (1024K)
 Metaspace       used 63775K, committed 64256K, reserved 1114112K
  class space    used 8595K, committed 8832K, reserved 1048576K
}
Event: 32.621 GC heap before
{Heap before GC invocations=36 (full 0):
 garbage-first heap   total 76800K, used 54097K [0x00000000c2a00000, 0x0000000100000000)
  region size 1024K, 16 young (16384K), 1 survivors (1024K)
 Metaspace       used 63805K, committed 64320K, reserved 1114112K
  class space    used 8595K, committed 8832K, reserved 1048576K
}
Event: 32.629 GC heap after
{Heap after GC invocations=37 (full 0):
 garbage-first heap   total 76800K, used 43001K [0x00000000c2a00000, 0x0000000100000000)
  region size 1024K, 2 young (2048K), 2 survivors (2048K)
 Metaspace       used 63805K, committed 64320K, reserved 1114112K
  class space    used 8595K, committed 8832K, reserved 1048576K
}
Event: 33.117 GC heap before
{Heap before GC invocations=38 (full 0):
 garbage-first heap   total 76800K, used 58361K [0x00000000c2a00000, 0x0000000100000000)
  region size 1024K, 16 young (16384K), 2 survivors (2048K)
 Metaspace       used 63851K, committed 64320K, reserved 1114112K
  class space    used 8596K, committed 8832K, reserved 1048576K
}
Event: 33.133 GC heap after
{Heap after GC invocations=39 (full 0):
 garbage-first heap   total 76800K, used 48643K [0x00000000c2a00000, 0x0000000100000000)
  region size 1024K, 2 young (2048K), 2 survivors (2048K)
 Metaspace       used 63851K, committed 64320K, reserved 1114112K
  class space    used 8596K, committed 8832K, reserved 1048576K
}
Event: 33.179 GC heap before
{Heap before GC invocations=39 (full 0):
 garbage-first heap   total 76800K, used 49667K [0x00000000c2a00000, 0x0000000100000000)
  region size 1024K, 3 young (3072K), 2 survivors (2048K)
 Metaspace       used 63853K, committed 64320K, reserved 1114112K
  class space    used 8596K, committed 8832K, reserved 1048576K
}

